<?xml version="1.0" encoding="UTF-8"?>
<!-- Generated by org.testng.reporters.JUnitXMLReporter -->
<testsuite hostname="LAPTOP-RPKGN613" failures="0" tests="3" name="Command line test" time="106.728" errors="0" timestamp="6 Dec 2022 23:36:35 GMT">
  <testcase classname="SignInTest" name="testJoscoSigninTestCase1" time="9.4"/>
  <testcase classname="SignInTest" name="testJoscoTestCase3" time="33.831"/>
  <testcase classname="SignInTest" name="testProductCheckTestCase2" time="48.171"/>
</testsuite> <!-- Command line test -->
