<?xml version="1.0" encoding="UTF-8"?>
<testng-results total="3" passed="3" failed="0" skipped="0">
  <reporter-output>
  </reporter-output>
  <suite started-at="2022-12-06T23:34:48Z" name="SignInTest" finished-at="2022-12-06T23:36:35Z" duration-ms="106728">
    <groups>
    </groups>
    <test started-at="2022-12-06T23:34:48Z" name="Command line test" finished-at="2022-12-06T23:36:35Z" duration-ms="106728">
      <class name="SignInTest">
        <test-method is-config="true" signature="setUpClass()[pri:0, instance:SignInTest@10dba097]" started-at="2022-12-06T17:34:48Z" name="setUpClass" finished-at="2022-12-06T17:34:48Z" duration-ms="7" status="PASS">
          <reporter-output>
          </reporter-output>
        </test-method> <!-- setUpClass -->
        <test-method is-config="true" signature="setUpMethod()[pri:0, instance:SignInTest@10dba097]" started-at="2022-12-06T17:34:48Z" name="setUpMethod" finished-at="2022-12-06T17:34:57Z" duration-ms="9291" status="PASS">
          <reporter-output>
          </reporter-output>
        </test-method> <!-- setUpMethod -->
        <test-method signature="testJoscoSigninTestCase1()[pri:0, instance:SignInTest@10dba097]" started-at="2022-12-06T17:34:57Z" name="testJoscoSigninTestCase1" finished-at="2022-12-06T17:35:07Z" duration-ms="9400" status="PASS">
          <reporter-output>
          </reporter-output>
        </test-method> <!-- testJoscoSigninTestCase1 -->
        <test-method is-config="true" signature="setUpMethod()[pri:0, instance:SignInTest@10dba097]" started-at="2022-12-06T17:35:07Z" name="setUpMethod" finished-at="2022-12-06T17:35:09Z" duration-ms="2006" status="PASS">
          <reporter-output>
          </reporter-output>
        </test-method> <!-- setUpMethod -->
        <test-method is-config="true" signature="tearDownMethod()[pri:0, instance:SignInTest@10dba097]" started-at="2022-12-06T17:35:07Z" name="tearDownMethod" finished-at="2022-12-06T17:35:07Z" duration-ms="0" status="PASS">
          <reporter-output>
          </reporter-output>
        </test-method> <!-- tearDownMethod -->
        <test-method signature="testJoscoTestCase3()[pri:0, instance:SignInTest@10dba097]" started-at="2022-12-06T17:35:09Z" name="testJoscoTestCase3" finished-at="2022-12-06T17:35:42Z" duration-ms="33831" status="PASS">
          <reporter-output>
          </reporter-output>
        </test-method> <!-- testJoscoTestCase3 -->
        <test-method is-config="true" signature="setUpMethod()[pri:0, instance:SignInTest@10dba097]" started-at="2022-12-06T17:35:42Z" name="setUpMethod" finished-at="2022-12-06T17:35:46Z" duration-ms="4012" status="PASS">
          <reporter-output>
          </reporter-output>
        </test-method> <!-- setUpMethod -->
        <test-method is-config="true" signature="tearDownMethod()[pri:0, instance:SignInTest@10dba097]" started-at="2022-12-06T17:35:42Z" name="tearDownMethod" finished-at="2022-12-06T17:35:42Z" duration-ms="0" status="PASS">
          <reporter-output>
          </reporter-output>
        </test-method> <!-- tearDownMethod -->
        <test-method signature="testProductCheckTestCase2()[pri:0, instance:SignInTest@10dba097]" started-at="2022-12-06T17:35:46Z" name="testProductCheckTestCase2" finished-at="2022-12-06T17:36:35Z" duration-ms="48171" status="PASS">
          <reporter-output>
          </reporter-output>
        </test-method> <!-- testProductCheckTestCase2 -->
        <test-method is-config="true" signature="tearDownMethod()[pri:0, instance:SignInTest@10dba097]" started-at="2022-12-06T17:36:35Z" name="tearDownMethod" finished-at="2022-12-06T17:36:35Z" duration-ms="0" status="PASS">
          <reporter-output>
          </reporter-output>
        </test-method> <!-- tearDownMethod -->
        <test-method is-config="true" signature="tearDownClass()[pri:0, instance:SignInTest@10dba097]" started-at="2022-12-06T17:36:35Z" name="tearDownClass" finished-at="2022-12-06T17:36:35Z" duration-ms="0" status="PASS">
          <reporter-output>
          </reporter-output>
        </test-method> <!-- tearDownClass -->
      </class> <!-- SignInTest -->
    </test> <!-- Command line test -->
  </suite> <!-- SignInTest -->
</testng-results>
